Start testing: Nov 01 09:25 SAST
----------------------------------------------------------
1/1 Testing: all_tests
1/1 Test: all_tests
Command: "/home/hayley/Documents/COS_214/Gridlock-Gurus-dev/build/tests"
Directory: /home/hayley/Documents/COS_214/Gridlock-Gurus-dev/build
"all_tests" start time: Nov 01 09:25 SAST
Output:
----------------------------------------------------------
[==========] Running 4 tests from 4 test suites.
[----------] Global test environment set-up.
[----------] 1 test from tax_system_test
[ RUN      ] tax_system_test.ConstructorSetCorrectValues
[       OK ] tax_system_test.ConstructorSetCorrectValues (0 ms)
[----------] 1 test from tax_system_test (0 ms total)

[----------] 1 test from building_test
[ RUN      ] building_test.commercial_test_construction
[       OK ] building_test.commercial_test_construction (0 ms)
[----------] 1 test from building_test (0 ms total)

[----------] 1 test from SimpleTest
[ RUN      ] SimpleTest.AlwaysPass
[       OK ] SimpleTest.AlwaysPass (0 ms)
[----------] 1 test from SimpleTest (0 ms total)

[----------] 1 test from citizen_test
[ RUN      ] citizen_test.ConstructorSetCorrectValues
[       OK ] citizen_test.ConstructorSetCorrectValues (0 ms)
[----------] 1 test from citizen_test (0 ms total)

[----------] Global test environment tear-down
[==========] 4 tests from 4 test suites ran. (0 ms total)
[  PASSED  ] 4 tests.
<end of output>
Test time =   0.00 sec
----------------------------------------------------------
Test Passed.
"all_tests" end time: Nov 01 09:25 SAST
"all_tests" time elapsed: 00:00:00
----------------------------------------------------------

End testing: Nov 01 09:25 SAST
