        -:    0:Source:C:/Users/rainb/Documents/GitHub/New/Gridlock-Gurus/src/BudgetDepartment.cpp
        -:    0:Graph:C:\Users\rainb\Documents\GitHub\New\Gridlock-Gurus\cmake-build-debug-coverage\CMakeFiles\tests.dir\src\BudgetDepartment.cpp.gcno
        -:    0:Data:C:\Users\rainb\Documents\GitHub\New\Gridlock-Gurus\cmake-build-debug-coverage\CMakeFiles\tests.dir\src\BudgetDepartment.cpp.gcda
        -:    0:Runs:1
        -:    1:#include "BudgetDepartment.h"
        -:    2:#include "TaxAuthority.h"
        -:    3:
function _ZN16BudgetDepartmentC2ESt10shared_ptrI12TaxAuthorityE called 0 returned 0% blocks executed 0%
    #####:    4:BudgetDepartment::BudgetDepartment(std::shared_ptr<TaxAuthority> taxAuthority) : taxAuthority(taxAuthority) {
    %%%%%:    4-block  0
call    0 never executed
    #####:    5:    this->totalAvailable = 0;
    #####:    6:    this->broke = false;
    #####:    7:}
        -:    8:
function _ZN16BudgetDepartment10checkTotalEv called 0 returned 0% blocks executed 0%
    #####:    9:int BudgetDepartment::checkTotal() {
    #####:   10:    return totalAvailable;
    %%%%%:   10-block  0
        -:   11:}
        -:   12:
function _ZN16BudgetDepartment17checkAvailabilityEi called 0 returned 0% blocks executed 0%
    #####:   13:bool BudgetDepartment::checkAvailability(int amount) {
    #####:   14:    if (totalAvailable < amount){
    %%%%%:   14-block  0
branch  0 never executed (fallthrough)
branch  1 never executed
    #####:   15:        receiveTaxes();
    %%%%%:   15-block  0
call    0 never executed
    #####:   16:        if (totalAvailable > amount){
branch  0 never executed (fallthrough)
branch  1 never executed
    #####:   17:            return true;
    %%%%%:   17-block  0
        -:   18:        }
    #####:   19:        else return false;
    %%%%%:   19-block  0
        -:   20:    }
    #####:   21:    else return false;
    %%%%%:   21-block  0
        -:   22:}
        -:   23:
function _ZN16BudgetDepartment4gainEi called 0 returned 0% blocks executed 0%
    #####:   24:void BudgetDepartment::gain(int amount) {
    #####:   25:    totalAvailable += amount;
    #####:   26:    if (totalAvailable > 0) {
    %%%%%:   26-block  0
branch  0 never executed (fallthrough)
branch  1 never executed
    #####:   27:        broke = false;
    %%%%%:   27-block  0
        -:   28:    }
    #####:   29:}
        -:   30:
function _ZN16BudgetDepartment4loseEi called 0 returned 0% blocks executed 0%
    #####:   31:void BudgetDepartment::lose(int amount) {
    #####:   32:    if (amount <= totalAvailable) {
    %%%%%:   32-block  0
branch  0 never executed (fallthrough)
branch  1 never executed
    #####:   33:        totalAvailable -= amount;
    %%%%%:   33-block  0
        -:   34:    } else {
    #####:   35:        totalAvailable = 0;
    #####:   36:        broke = true;
    %%%%%:   36-block  0
        -:   37:    }
    #####:   38:}
        -:   39:
function _ZN16BudgetDepartment9inflationEi called 0 returned 0% blocks executed 0%
    #####:   40:void BudgetDepartment::inflation(int percentage) {
    #####:   41:    int reduction = (totalAvailable * percentage) / 100;
    #####:   42:    lose(reduction);
    %%%%%:   42-block  0
call    0 never executed
    #####:   43:}
        -:   44:
function _ZN16BudgetDepartment12receiveTaxesEv called 0 returned 0% blocks executed 0%
    #####:   45:void BudgetDepartment::receiveTaxes() {
    #####:   46:    int taxesCollected = taxAuthority->collectTaxes();
    %%%%%:   46-block  0
call    0 never executed
call    1 never executed
    #####:   47:    gain(taxesCollected);
call    0 never executed
    #####:   48:}
        -:   49:
function _ZN16BudgetDepartment7isBrokeEv called 0 returned 0% blocks executed 0%
    #####:   50:bool BudgetDepartment::isBroke() {
    #####:   51:    return broke;
    %%%%%:   51-block  0
        -:   52:}
