        -:    0:Source:C:/Users/rainb/Documents/GitHub/New/Gridlock-Gurus/src/CitizenFactory.cpp
        -:    0:Graph:C:\Users\rainb\Documents\GitHub\New\Gridlock-Gurus\cmake-build-debug-coverage\CMakeFiles\tests.dir\src\CitizenFactory.cpp.gcno
        -:    0:Data:C:\Users\rainb\Documents\GitHub\New\Gridlock-Gurus\cmake-build-debug-coverage\CMakeFiles\tests.dir\src\CitizenFactory.cpp.gcda
        -:    0:Runs:1
        -:    1:#include "CitizenFactory.h"
        -:    2:#include <iostream>
        -:    3:
function _ZN14CitizenFactoryC2ESt10shared_ptrI12TaxAuthorityE called 1 returned 100% blocks executed 100%
        1:    4:CitizenFactory::CitizenFactory(std::shared_ptr<TaxAuthority> taxAuthority) : taxAuthority(taxAuthority){}
        1:    4-block  0
call    0 returned 1
        -:    5:
function _ZN14CitizenFactory13createCitizenE11CitizenTypeii called 2 returned 100% blocks executed 64%
        2:    6:Citizen* CitizenFactory::createCitizen(CitizenType type, int startingSatisfaction, int startingFunds) {
        2:    7:    int id = citizenCount;
        2:    8:    citizenCount++;
        -:    9:
        2:   10:    Citizen * newCitizen = new Citizen(id,type, startingSatisfaction, startingFunds, taxAuthority);
        2:   10-block  0
call    0 returned 2
call    1 returned 2
call    2 returned 2
branch  3 taken 2 (fallthrough)
branch  4 taken 0 (throw)
        2:   10-block  1
call    5 returned 2
    $$$$$:   10-block  2
call    6 never executed
    $$$$$:   10-block  3
    $$$$$:   10-block  4
branch  7 never executed (fallthrough)
branch  8 never executed
    $$$$$:   10-block  5
call    9 never executed
        -:   11:
        2:   12:    taxAuthority->registerCitizen(*newCitizen);
call    0 returned 2
call    1 returned 2
        -:   13:
        2:   14:    return newCitizen;
        2:   14-block  0
        -:   15:}
