        -:    0:Source:C:/Users/rainb/Documents/GitHub/New/Gridlock-Gurus/src/Commercial.cpp
        -:    0:Graph:C:\Users\rainb\Documents\GitHub\New\Gridlock-Gurus\cmake-build-debug-coverage\CMakeFiles\tests.dir\src\Commercial.cpp.gcno
        -:    0:Data:C:\Users\rainb\Documents\GitHub\New\Gridlock-Gurus\cmake-build-debug-coverage\CMakeFiles\tests.dir\src\Commercial.cpp.gcda
        -:    0:Runs:1
        -:    1:#include "Commercial.h"
        -:    2:
function _ZN10CommercialC2EiRNSt7__cxx1112basic_stringIcSt11char_traitsIcESaIcEEEP9ResourcesiR7Citizen12BuildingTypeii called 1 returned 100% blocks executed 100%
        1:    3:Commercial::Commercial(int cost, std::string& location, Resources* resources, int size, Citizen& owner,BuildingType name, int max, int rate) : Building(cost, location, resources, size, owner , name) {
        1:    3-block  0
call    0 returned 1
call    1 returned 1
        1:    4:    this->maxEmployees = max;
        1:    5:    this->productionRate = rate;
        1:    6:}
        -:    7:
function _ZNK10Commercial10getDetailsB5cxx11Ev called 0 returned 0% blocks executed 0%
    #####:    8:std::string Commercial::getDetails() const {
    %%%%%:    8-block  0
    #####:    9:    std::string details = "Shop: \n";
    %%%%%:    9-block  0
call    0 never executed
branch  1 never executed (fallthrough)
branch  2 never executed (throw)
    $$$$$:    9-block  1
call    3 never executed
    #####:   10:    details += "Owner: " + owner.getName() + "\n";
call    0 never executed
branch  1 never executed (fallthrough)
branch  2 never executed (throw)
    %%%%%:   10-block  0
call    3 never executed
branch  4 never executed (fallthrough)
branch  5 never executed (throw)
    %%%%%:   10-block  1
call    6 never executed
branch  7 never executed (fallthrough)
branch  8 never executed (throw)
    %%%%%:   10-block  2
call    9 never executed
branch 10 never executed (fallthrough)
branch 11 never executed (throw)
    %%%%%:   10-block  3
call   12 never executed
call   13 never executed
call   14 never executed
    $$$$$:   10-block  4
call   15 never executed
    $$$$$:   10-block  5
call   16 never executed
    $$$$$:   10-block  6
call   17 never executed
    $$$$$:   10-block  7
    $$$$$:   10-block  8
    $$$$$:   10-block  9
    #####:   11:    details += "Location: " + location + "\n";
call    0 never executed
branch  1 never executed (fallthrough)
branch  2 never executed (throw)
    %%%%%:   11-block  0
call    3 never executed
branch  4 never executed (fallthrough)
branch  5 never executed (throw)
    %%%%%:   11-block  1
call    6 never executed
branch  7 never executed (fallthrough)
branch  8 never executed (throw)
    %%%%%:   11-block  2
call    9 never executed
call   10 never executed
    $$$$$:   11-block  3
call   11 never executed
    $$$$$:   11-block  4
call   12 never executed
    $$$$$:   11-block  5
    $$$$$:   11-block  6
    #####:   12:    details += "Capacity: " + std::to_string(employees.size()) + "/" + std::to_string(maxEmployees) + "\n";
call    0 never executed
call    1 never executed
call    2 never executed
branch  3 never executed (fallthrough)
branch  4 never executed (throw)
    %%%%%:   12-block  0
call    5 never executed
branch  6 never executed (fallthrough)
branch  7 never executed (throw)
    %%%%%:   12-block  1
call    8 never executed
branch  9 never executed (fallthrough)
branch 10 never executed (throw)
    %%%%%:   12-block  2
call   11 never executed
branch 12 never executed (fallthrough)
branch 13 never executed (throw)
    %%%%%:   12-block  3
call   14 never executed
branch 15 never executed (fallthrough)
branch 16 never executed (throw)
    %%%%%:   12-block  4
call   17 never executed
branch 18 never executed (fallthrough)
branch 19 never executed (throw)
    %%%%%:   12-block  5
call   20 never executed
call   21 never executed
call   22 never executed
call   23 never executed
call   24 never executed
call   25 never executed
    $$$$$:   12-block  6
call   26 never executed
    $$$$$:   12-block  7
call   27 never executed
    $$$$$:   12-block  8
call   28 never executed
    $$$$$:   12-block  9
call   29 never executed
    $$$$$:   12-block 10
call   30 never executed
    $$$$$:   12-block 11
    $$$$$:   12-block 12
    $$$$$:   12-block 13
    $$$$$:   12-block 14
call   31 never executed
    $$$$$:   12-block 15
    $$$$$:   12-block 16
    $$$$$:   12-block 17
    #####:   13:    details += "Cost: " + std::to_string(cost) + "\n";
call    0 never executed
call    1 never executed
branch  2 never executed (fallthrough)
branch  3 never executed (throw)
    %%%%%:   13-block  0
call    4 never executed
branch  5 never executed (fallthrough)
branch  6 never executed (throw)
    %%%%%:   13-block  1
call    7 never executed
branch  8 never executed (fallthrough)
branch  9 never executed (throw)
    %%%%%:   13-block  2
call   10 never executed
call   11 never executed
call   12 never executed
    $$$$$:   13-block  3
call   13 never executed
    $$$$$:   13-block  4
call   14 never executed
    $$$$$:   13-block  5
call   15 never executed
    $$$$$:   13-block  6
    $$$$$:   13-block  7
    $$$$$:   13-block  8
    #####:   14:    details += "Size: " + std::to_string(size) + "\n";
call    0 never executed
call    1 never executed
branch  2 never executed (fallthrough)
branch  3 never executed (throw)
    %%%%%:   14-block  0
call    4 never executed
branch  5 never executed (fallthrough)
branch  6 never executed (throw)
    %%%%%:   14-block  1
call    7 never executed
branch  8 never executed (fallthrough)
branch  9 never executed (throw)
    %%%%%:   14-block  2
call   10 never executed
call   11 never executed
call   12 never executed
    $$$$$:   14-block  3
call   13 never executed
    $$$$$:   14-block  4
call   14 never executed
    $$$$$:   14-block  5
call   15 never executed
    $$$$$:   14-block  6
    $$$$$:   14-block  7
    $$$$$:   14-block  8
    #####:   15:    return details;
    %%%%%:   15-block  0
    =====:   16:}
    $$$$$:   16-block  0
call    0 never executed
        -:   17:
function _ZN10Commercial12produceMoneyEv called 0 returned 0% blocks executed 0%
    #####:   18:int Commercial::produceMoney() {
    #####:   19:    return 100;
    %%%%%:   19-block  0
        -:   20:}
        -:   21:
function _ZN10Commercial6employER7Citizen called 0 returned 0% blocks executed 0%
    #####:   22:void Commercial::employ(Citizen& employee) {
    #####:   23:    if (!employee.getEmploymentStatus() && employees.size() < maxEmployees) {
    %%%%%:   23-block  0
call    0 never executed
branch  1 never executed (fallthrough)
branch  2 never executed
    %%%%%:   23-block  1
call    3 never executed
branch  4 never executed (fallthrough)
branch  5 never executed
    %%%%%:   23-block  2
    %%%%%:   23-block  3
    %%%%%:   23-block  4
branch  6 never executed (fallthrough)
branch  7 never executed
    #####:   24:        employees.push_back(&employee);
    %%%%%:   24-block  0
call    0 never executed
branch  1 never executed (fallthrough)
branch  2 never executed (throw)
    %%%%%:   24-block  1
        -:   25:    }
    #####:   26:}
    %%%%%:   26-block  0
        -:   27:
function _ZN10Commercial3payEv called 0 returned 0% blocks executed 0%
    #####:   28:int Commercial::pay() {
    #####:   29:    return 3700;
    %%%%%:   29-block  0
        -:   30:}
        -:   31:
function _ZN10Commercial4fireER7Citizen called 0 returned 0% blocks executed 0%
    #####:   32:void Commercial::fire(Citizen& employee) {
    #####:   33:    auto it = std::find(employees.begin(), employees.end(), &employee);
    %%%%%:   33-block  0
call    0 never executed
call    1 never executed
call    2 never executed
branch  3 never executed (fallthrough)
branch  4 never executed (throw)
    $$$$$:   33-block  1
        -:   34:
    #####:   35:    if(it != employees.end()) {
    %%%%%:   35-block  0
call    0 never executed
call    1 never executed
branch  2 never executed (fallthrough)
branch  3 never executed
    #####:   36:        employee.fired();
    %%%%%:   36-block  0
call    0 never executed
branch  1 never executed (fallthrough)
branch  2 never executed (throw)
    #####:   37:        employees.erase(it);
    %%%%%:   37-block  0
call    0 never executed
call    1 never executed
branch  2 never executed (fallthrough)
branch  3 never executed (throw)
    %%%%%:   37-block  1
    $$$$$:   37-block  2
        -:   38:    }
    #####:   39:}
    %%%%%:   39-block  0
        -:   40:
function _ZN10Commercial6retireER7Citizen called 0 returned 0% blocks executed 0%
    #####:   41:void Commercial::retire(Citizen& employee) {
    #####:   42:    auto it = std::find(employees.begin(), employees.end(), &employee);
    %%%%%:   42-block  0
call    0 never executed
call    1 never executed
call    2 never executed
branch  3 never executed (fallthrough)
branch  4 never executed (throw)
    $$$$$:   42-block  1
        -:   43:
    #####:   44:    if(it != employees.end()) {
    %%%%%:   44-block  0
call    0 never executed
call    1 never executed
branch  2 never executed (fallthrough)
branch  3 never executed
    #####:   45:        employees.erase(it);
    %%%%%:   45-block  0
call    0 never executed
call    1 never executed
branch  2 never executed (fallthrough)
branch  3 never executed (throw)
    $$$$$:   45-block  1
    #####:   46:        employee.retireToCountryside();
    %%%%%:   46-block  0
call    0 never executed
branch  1 never executed (fallthrough)
branch  2 never executed (throw)
        -:   47:    }
    #####:   48:}
    %%%%%:   48-block  0
        -:   49:
function _ZN10Commercial17getProductionRateEv called 1 returned 100% blocks executed 100%
        1:   50:int Commercial::getProductionRate() {
        1:   51:    return productionRate;
        1:   51-block  0
        -:   52:}
        -:   53:
function _ZN10Commercial20getNumberOfEmployeesEv called 1 returned 100% blocks executed 100%
        1:   54:int Commercial::getNumberOfEmployees() {
        1:   55:    return employees.size();
        1:   55-block  0
call    0 returned 1
        -:   56:}
        -:   57:
function _ZN10Commercial15getMaxEmployeesEv called 1 returned 100% blocks executed 100%
        1:   58:int Commercial::getMaxEmployees() {
        1:   59:    return maxEmployees;
        1:   59-block  0
        -:   60:}
