        -:    0:Source:C:/Users/rainb/Documents/GitHub/New/Gridlock-Gurus/src/EducationService.cpp
        -:    0:Graph:C:\Users\rainb\Documents\GitHub\New\Gridlock-Gurus\cmake-build-debug-coverage\CMakeFiles\tests.dir\src\EducationService.cpp.gcno
        -:    0:Data:C:\Users\rainb\Documents\GitHub\New\Gridlock-Gurus\cmake-build-debug-coverage\CMakeFiles\tests.dir\src\EducationService.cpp.gcda
        -:    0:Runs:1
        -:    1:#include "EducationService.h"
        -:    2:#include "HighFundingEducationState.h"
        -:    3:#include "LowFundingEducationState.h"
        -:    4:
function _ZN16EducationServiceC2EiRNSt7__cxx1112basic_stringIcSt11char_traitsIcESaIcEEEP9ResourcesiR7Citizeni12BuildingType called 1 returned 100% blocks executed 64%
        1:    5:EducationService::EducationService(int cost, std::string& location, Resources *resources, int size, Citizen& owner, int id, BuildingType name) : Service(cost, location, resources, size, owner,name,id){
        1:    5-block  0
call    0 returned 1
call    1 returned 1
        1:    6:    this->prestige = 0;
        1:    7:    educationState =std::make_unique<HighFundingEducationState>(*this);
call    0 returned 1
branch  1 taken 1 (fallthrough)
branch  2 taken 0 (throw)
        1:    7-block  0
call    3 returned 1
call    4 returned 1
    $$$$$:    7-block  1
        1:    8:    this->state =EducationStateType::HighFundingEducation; 
        1:    9:}
    $$$$$:    9-block  0
call    0 never executed
    $$$$$:    9-block  1
call    1 never executed
        -:   10:
function _ZN16EducationService3payEv called 2 returned 100% blocks executed 100%
        2:   11:int EducationService::pay() {
        2:   12:    if(state == EducationStateType::HighFundingEducation) {
        2:   12-block  0
branch  0 taken 1 (fallthrough)
branch  1 taken 1
        1:   13:        return 2200;
        1:   13-block  0
        -:   14:    } else {
        1:   15:        return 1100;
        1:   15-block  0
        -:   16:    }
        -:   17:}
        -:   18:
function _ZN16EducationService8setStateEv called 1 returned 100% blocks executed 58%
        1:   19:void EducationService::setState() {
        1:   20:    if(state == EducationStateType::LowFundingEducation) {
        1:   20-block  0
branch  0 taken 0 (fallthrough)
branch  1 taken 1
    #####:   21:        educationState = std::make_unique<HighFundingEducationState>(*this);
    %%%%%:   21-block  0
call    0 never executed
branch  1 never executed (fallthrough)
branch  2 never executed (throw)
    %%%%%:   21-block  1
call    3 never executed
call    4 never executed
    $$$$$:   21-block  2
call    5 never executed
    #####:   22:        state = EducationStateType::HighFundingEducation;
        -:   23:    } else {
        1:   24:        educationState = std::make_unique<LowFundingEducationState>(*this);
        1:   24-block  0
call    0 returned 1
branch  1 taken 1 (fallthrough)
branch  2 taken 0 (throw)
        1:   24-block  1
call    3 returned 1
call    4 returned 1
        1:   25:        state = EducationStateType::LowFundingEducation;
        -:   26:    }
        1:   27:}
        1:   27-block  0
        -:   28:
function _ZN16EducationService11prestigeDecEi called 1 returned 100% blocks executed 100%
        1:   29:void EducationService::prestigeDec(int by) {
        1:   30:    prestige -= by;
        1:   31:}
        -:   32:
function _ZN16EducationService11prestigeIncEi called 1 returned 100% blocks executed 100%
        1:   33:void EducationService::prestigeInc(int by) {
        1:   34:    prestige += by;
        1:   35:}
        -:   36:
function _ZN16EducationService11getPrestigeEv called 3 returned 100% blocks executed 100%
        3:   37:int EducationService::getPrestige() {
        3:   38:    return prestige;
        3:   38-block  0
        -:   39:}
        -:   40:
function _ZNK16EducationService8getStateB5cxx11Ev called 2 returned 100% blocks executed 72%
        2:   41:std::string EducationService::getState() const {
        2:   42:    if(state == EducationStateType::HighFundingEducation) {
        2:   42-block  0
branch  0 taken 1 (fallthrough)
branch  1 taken 1
        2:   43:        return "High Funding";
        1:   43-block  0
call    0 returned 1
branch  1 taken 1 (fallthrough)
branch  2 taken 0 (throw)
    $$$$$:   43-block  1
call    3 never executed
        -:   44:    } else {
        2:   45:        return "Low Funding";
        1:   45-block  0
call    0 returned 1
branch  1 taken 1 (fallthrough)
branch  2 taken 0 (throw)
        -:   46:    }
        -:   47:}
