        -:    0:Source:C:/Users/rainb/Documents/GitHub/New/Gridlock-Gurus/src/HighFundingState.cpp
        -:    0:Graph:C:\Users\rainb\Documents\GitHub\New\Gridlock-Gurus\cmake-build-debug-coverage\CMakeFiles\tests.dir\src\HighFundingState.cpp.gcno
        -:    0:Data:C:\Users\rainb\Documents\GitHub\New\Gridlock-Gurus\cmake-build-debug-coverage\CMakeFiles\tests.dir\src\HighFundingState.cpp.gcda
        -:    0:Runs:1
        -:    1:#include "HighFundingState.h"
        -:    2:
function _ZN16HighFundingState15getHealthStatusB5cxx11Ev called 0 returned 0% blocks executed 0%
    #####:    3:std::string HighFundingState::getHealthStatus() {
    %%%%%:    3-block  0
        -:    4:/*    string state = "Current state: " + name + "\n";
        -:    5:
        -:    6:    state += "Response time: " + to_string(service->getResponseTime()) + " minutes\n";
        -:    7:    return state;*/
    #####:    8:    return "State";
    %%%%%:    8-block  0
call    0 never executed
branch  1 never executed (fallthrough)
branch  2 never executed (throw)
    %%%%%:    8-block  1
        -:    9:}
        -:   10:
function _ZN16HighFundingState16getQualityOfTimeEv called 0 returned 0% blocks executed 0%
    #####:   11:int HighFundingState::getQualityOfTime() {
        -:   12:/*    if(service) {
        -:   13:        int currStaff = service->getStaff();
        -:   14:        int maxStaff = service->getMaxStaff();
        -:   15:        double ratio = static_cast<double>(currStaff) / maxStaff;
        -:   16:        if(ratio < 0.5) {
        -:   17:            cout<< "Warning hospital is understaffed. Current staff: " << currStaff << "/" << maxStaff << "\n";
        -:   18:            service->responseTimeInc(3);
        -:   19:        } else {
        -:   20:            cout<< "This hospital is sufficiently staffed. Current staff: " << currStaff << "/" << maxStaff << "\n";
        -:   21:            service->responseTimeDec(2);
        -:   22:        }
        -:   23:    } else {
        -:   24:        cout<< "Error: this state has not been assigned.\n";
        -:   25:    }*/
    #####:   26:    return 0;
    %%%%%:   26-block  0
        -:   27:}
        -:   28:
function _ZN16HighFundingState7getNameB5cxx11Ev called 0 returned 0% blocks executed 0%
    #####:   29:std::string HighFundingState::getName() {
    %%%%%:   29-block  0
    #####:   30:    return "High Funding";
    %%%%%:   30-block  0
call    0 never executed
branch  1 never executed (fallthrough)
branch  2 never executed (throw)
    %%%%%:   30-block  1
        -:   31:}
        -:   32:
        -:   33:
