        -:    0:Source:C:/Users/rainb/Documents/GitHub/New/Gridlock-Gurus/src/Landmark.cpp
        -:    0:Graph:C:\Users\rainb\Documents\GitHub\New\Gridlock-Gurus\cmake-build-debug-coverage\CMakeFiles\tests.dir\src\Landmark.cpp.gcno
        -:    0:Data:C:\Users\rainb\Documents\GitHub\New\Gridlock-Gurus\cmake-build-debug-coverage\CMakeFiles\tests.dir\src\Landmark.cpp.gcda
        -:    0:Runs:1
        -:    1:#include "Landmark.h"
        -:    2:#include <iostream>
        -:    3:
function _ZNK8Landmark10getDetailsB5cxx11Ev called 0 returned 0% blocks executed 0%
    #####:    4:std::string Landmark::getDetails() const{
    %%%%%:    4-block  0
    #####:    5:    std::string details =  "Landmark: \n";
    %%%%%:    5-block  0
call    0 never executed
branch  1 never executed (fallthrough)
branch  2 never executed (throw)
    $$$$$:    5-block  1
call    3 never executed
    #####:    6:    details += "Owner: " + owner.getName() + "\n";
call    0 never executed
branch  1 never executed (fallthrough)
branch  2 never executed (throw)
    %%%%%:    6-block  0
call    3 never executed
branch  4 never executed (fallthrough)
branch  5 never executed (throw)
    %%%%%:    6-block  1
call    6 never executed
branch  7 never executed (fallthrough)
branch  8 never executed (throw)
    %%%%%:    6-block  2
call    9 never executed
branch 10 never executed (fallthrough)
branch 11 never executed (throw)
    %%%%%:    6-block  3
call   12 never executed
call   13 never executed
call   14 never executed
    $$$$$:    6-block  4
call   15 never executed
    $$$$$:    6-block  5
call   16 never executed
    $$$$$:    6-block  6
call   17 never executed
    $$$$$:    6-block  7
    $$$$$:    6-block  8
    $$$$$:    6-block  9
    #####:    7:    details += "Location: " + location + "\n";
call    0 never executed
branch  1 never executed (fallthrough)
branch  2 never executed (throw)
    %%%%%:    7-block  0
call    3 never executed
branch  4 never executed (fallthrough)
branch  5 never executed (throw)
    %%%%%:    7-block  1
call    6 never executed
branch  7 never executed (fallthrough)
branch  8 never executed (throw)
    %%%%%:    7-block  2
call    9 never executed
call   10 never executed
    $$$$$:    7-block  3
call   11 never executed
    $$$$$:    7-block  4
call   12 never executed
    $$$$$:    7-block  5
    $$$$$:    7-block  6
    #####:    8:    details += "Cost: " + std::to_string(cost) + "\n";
call    0 never executed
call    1 never executed
branch  2 never executed (fallthrough)
branch  3 never executed (throw)
    %%%%%:    8-block  0
call    4 never executed
branch  5 never executed (fallthrough)
branch  6 never executed (throw)
    %%%%%:    8-block  1
call    7 never executed
branch  8 never executed (fallthrough)
branch  9 never executed (throw)
    %%%%%:    8-block  2
call   10 never executed
call   11 never executed
call   12 never executed
    $$$$$:    8-block  3
call   13 never executed
    $$$$$:    8-block  4
call   14 never executed
    $$$$$:    8-block  5
call   15 never executed
    $$$$$:    8-block  6
    $$$$$:    8-block  7
    $$$$$:    8-block  8
    #####:    9:    details += "Size: " + std::to_string(size) + "\n";
call    0 never executed
call    1 never executed
branch  2 never executed (fallthrough)
branch  3 never executed (throw)
    %%%%%:    9-block  0
call    4 never executed
branch  5 never executed (fallthrough)
branch  6 never executed (throw)
    %%%%%:    9-block  1
call    7 never executed
branch  8 never executed (fallthrough)
branch  9 never executed (throw)
    %%%%%:    9-block  2
call   10 never executed
call   11 never executed
call   12 never executed
    $$$$$:    9-block  3
call   13 never executed
    $$$$$:    9-block  4
call   14 never executed
    $$$$$:    9-block  5
call   15 never executed
    $$$$$:    9-block  6
    $$$$$:    9-block  7
    $$$$$:    9-block  8
    #####:   10:    return details;
    %%%%%:   10-block  0
    =====:   11:}
    $$$$$:   11-block  0
call    0 never executed
        -:   12:
