        -:    0:Source:C:/Users/rainb/Documents/GitHub/New/Gridlock-Gurus/headers/LowFundingEducationState.h
        -:    0:Graph:C:\Users\rainb\Documents\GitHub\New\Gridlock-Gurus\cmake-build-debug-coverage\CMakeFiles\tests.dir\src\LowFundingEducationState.cpp.gcno
        -:    0:Data:C:\Users\rainb\Documents\GitHub\New\Gridlock-Gurus\cmake-build-debug-coverage\CMakeFiles\tests.dir\src\LowFundingEducationState.cpp.gcda
        -:    0:Runs:1
        -:    1:#ifndef LOWFUNDINGEDUCATIONSTATE_H
        -:    2:#define LOWFUNDINGEDUCATIONSTATE_H
        -:    3:
        -:    4:#include <string>
        -:    5:#include "EducationService.h"
        -:    6:#include "EducationState.h"
        -:    7:
        -:    8:/**
        -:    9: * @brief Represents a low-funding state for education services.
        -:   10: *
        -:   11: * ConcreteState in the State pattern. It extends the EducationState class and implements the methods to manage education service operations when funding is low.
        -:   12: */
        -:   13:class LowFundingEducationState : public EducationState {
        -:   14:public:
        -:   15:    /**
        -:   16:     * @brief Constructs a new LowFundingEducationState object.
        -:   17:     */
        -:   18:    LowFundingEducationState(EducationService& service) : EducationState(service) {}
        -:   19:
        -:   20:    /**
        -:   21:     * @brief Destroys the LowFundingEducationState object.
        -:   22:     */
        2:   23:     ~LowFundingEducationState() override = default;
------------------
_ZN24LowFundingEducationStateD0Ev:
function _ZN24LowFundingEducationStateD0Ev called 1 returned 100% blocks executed 100%
        1:   23:     ~LowFundingEducationState() override = default;
        1:   23-block  0
call    0 returned 1
call    1 returned 1
------------------
_ZN24LowFundingEducationStateD1Ev:
function _ZN24LowFundingEducationStateD1Ev called 1 returned 100% blocks executed 100%
        1:   23:     ~LowFundingEducationState() override = default;
        1:   23-block  0
call    0 returned 1
------------------
        -:   24:
        -:   25:    /**
        -:   26:     * @brief Checks the current state of education services in a low-funding condition.
        -:   27:     * This method implements behavior specific to the low-funding condition.
        -:   28:     */
        -:   29:    void checkEducationState() override;
        -:   30:
        -:   31:    /**
        -:   32:     * @brief Gets the quality of education in a low-funding state.
        -:   33:     * @return int The quality level of education.
        -:   34:     */
        -:   35:    int getEducationQuality() override;
        -:   36:    std::string getName() override;
        -:   37:};
        -:   38:
        -:   39:#endif // LOWFUNDINGEDUCATIONSTATE_H
