        -:    0:Source:C:/Users/rainb/Documents/GitHub/New/Gridlock-Gurus/headers/LowFundingState.h
        -:    0:Graph:C:\Users\rainb\Documents\GitHub\New\Gridlock-Gurus\cmake-build-debug-coverage\CMakeFiles\tests.dir\src\LowFundingState.cpp.gcno
        -:    0:Data:C:\Users\rainb\Documents\GitHub\New\Gridlock-Gurus\cmake-build-debug-coverage\CMakeFiles\tests.dir\src\LowFundingState.cpp.gcda
        -:    0:Runs:1
        -:    1:#ifndef LOWFUNDINGSTATE_H
        -:    2:#define LOWFUNDINGSTATE_H
        -:    3:
        -:    4:#include "HealthService.h"
        -:    5:#include "HealthState.h"
        -:    6:#include <string>
        -:    7:/**
        -:    8: * @brief Represents a low-funding state for health services.
        -:    9: *
        -:   10: * ConcreteState in the State pattern. It extends the HealthState class and implements the methods to manage health service operations when funding is low.
        -:   11: */
        -:   12:class LowFundingState : public HealthState {
        -:   13:public:
        -:   14:    /**
        -:   15:     * @brief Constructs a new LowFundingState object.
        -:   16:     */
        -:   17:    LowFundingState(HealthService& service) : HealthState(service) {}
        -:   18:
        -:   19:    /**
        -:   20:     * @brief Destroys the LowFundingState object.
        -:   21:     */
        2:   22:     ~LowFundingState()override = default;
------------------
_ZN15LowFundingStateD0Ev:
function _ZN15LowFundingStateD0Ev called 1 returned 100% blocks executed 100%
        1:   22:     ~LowFundingState()override = default;
        1:   22-block  0
call    0 returned 1
call    1 returned 1
------------------
_ZN15LowFundingStateD1Ev:
function _ZN15LowFundingStateD1Ev called 1 returned 100% blocks executed 100%
        1:   22:     ~LowFundingState()override = default;
        1:   22-block  0
call    0 returned 1
------------------
        -:   23:
        -:   24:    /**
        -:   25:     * @brief Retrieves the current health status of the services in a low-funding state.
        -:   26:     * This method implements behavior specific to the low-funding condition.
        -:   27:     */
        -:   28:    std::string getHealthStatus() override;
        -:   29:
        -:   30:    /**
        -:   31:     * @brief Gets the quality of service time in a low-funding state.
        -:   32:     * @return int The quality level of service time.
        -:   33:     */
        -:   34:    int getQualityOfTime() override;
        -:   35:    std::string getName() override;
        -:   36:};
        -:   37:
        -:   38:#endif // LOWFUNDINGSTATE_H
