        -:    0:Source:C:/Users/rainb/Documents/GitHub/New/Gridlock-Gurus/src/LowFundingEducationState.cpp
        -:    0:Graph:C:\Users\rainb\Documents\GitHub\New\Gridlock-Gurus\cmake-build-debug-coverage\CMakeFiles\tests.dir\src\LowFundingEducationState.cpp.gcno
        -:    0:Data:C:\Users\rainb\Documents\GitHub\New\Gridlock-Gurus\cmake-build-debug-coverage\CMakeFiles\tests.dir\src\LowFundingEducationState.cpp.gcda
        -:    0:Runs:1
        -:    1:#include "LowFundingEducationState.h"
        -:    2:
function _ZN24LowFundingEducationState19getEducationQualityEv called 0 returned 0% blocks executed 0%
    #####:    3:int LowFundingEducationState::getEducationQuality() {
        -:    4:/*    int staff = service->getStaff();
        -:    5:    int maxStaff = service->getMaxStaff();
        -:    6:    double ratio = static_cast<double>(staff) / maxStaff;
        -:    7:    int percentage;
        -:    8:    if(ratio < 0.3) {
        -:    9:        percentage = 20;
        -:   10:    } else if(ratio < 0.4) {
        -:   11:        percentage = 30;
        -:   12:    } else if (ratio < 0.5) {
        -:   13:        percentage = 40;
        -:   14:    } else if (ratio <= 0.75) {
        -:   15:        percentage = 70;
        -:   16:    } else if (ratio <= 0.90) {
        -:   17:        percentage = 90;
        -:   18:    } else {
        -:   19:        percentage = 100;
        -:   20:    }
        -:   21:    return percentage;*/
    #####:   22:    return 0;
    %%%%%:   22-block  0
        -:   23:}
        -:   24:
function _ZN24LowFundingEducationState19checkEducationStateEv called 0 returned 0% blocks executed 0%
    #####:   25:void LowFundingEducationState::checkEducationState() {
        -:   26:/*    if(service) {
        -:   27:        int quality = getEducationQuality();
        -:   28:        if (quality < 30) {
        -:   29:            cout << "Education quality is far below standard.\n";
        -:   30:            service->prestigeDec(3);
        -:   31:        } else if (quality <= 60) {
        -:   32:            cout << "Education quality is above average.\n";
        -:   33:            service->prestigeInc(1);
        -:   34:        } else if (quality <= 90) {
        -:   35:            cout << "Education quality is exceptional.\n";
        -:   36:            service->prestigeInc(3);
        -:   37:        } else {
        -:   38:            cout << "Education quality is outstanding.\n";
        -:   39:            service->prestigeInc(service->getStaff());
        -:   40:        }
        -:   41:    } else {
        -:   42:        cout<< "Error: this state has not been assigned.\n";
        -:   43:    }*/
    #####:   44:}
        -:   45:
function _ZN24LowFundingEducationState7getNameB5cxx11Ev called 0 returned 0% blocks executed 0%
    #####:   46:std::string LowFundingEducationState::getName() {
    %%%%%:   46-block  0
    #####:   47:    return "Low Funding";
    %%%%%:   47-block  0
call    0 never executed
branch  1 never executed (fallthrough)
branch  2 never executed (throw)
    %%%%%:   47-block  1
        -:   48:}
        -:   49:
        -:   50:
