        -:    0:Source:C:/Users/rainb/Documents/GitHub/New/Gridlock-Gurus/src/ProgressiveTaxStrategy.cpp
        -:    0:Graph:C:\Users\rainb\Documents\GitHub\New\Gridlock-Gurus\cmake-build-debug-coverage\CMakeFiles\tests.dir\src\ProgressiveTaxStrategy.cpp.gcno
        -:    0:Data:C:\Users\rainb\Documents\GitHub\New\Gridlock-Gurus\cmake-build-debug-coverage\CMakeFiles\tests.dir\src\ProgressiveTaxStrategy.cpp.gcda
        -:    0:Runs:1
        -:    1:#include "ProgressiveTaxStrategy.h"
        -:    2:
function _ZN22ProgressiveTaxStrategy20calculateBuildingTaxEi called 2 returned 100% blocks executed 100%
        2:    3:int ProgressiveTaxStrategy::calculateBuildingTax(int value) {
        2:    4:        float taxRate = 0.4; // 40% tax rate for flat tax
        2:    5:        return (int)(value - (value * taxRate));
        2:    5-block  0
        -:    6:}
        -:    7:
function _ZN22ProgressiveTaxStrategy19calculateCitizenTaxEi called 2 returned 100% blocks executed 100%
        2:    8:int ProgressiveTaxStrategy::calculateCitizenTax(int earnings) {
        2:    9:        float taxRate = 0.4; // 40% tax rate for flat tax
        2:   10:        return (int)(earnings - (earnings * taxRate));
        2:   10-block  0
        -:   11:}
        -:   12:
