        -:    0:Source:C:/Users/rainb/Documents/GitHub/New/Gridlock-Gurus/src/ResidentialFactory.cpp
        -:    0:Graph:C:\Users\rainb\Documents\GitHub\New\Gridlock-Gurus\cmake-build-debug-coverage\CMakeFiles\tests.dir\src\ResidentialFactory.cpp.gcno
        -:    0:Data:C:\Users\rainb\Documents\GitHub\New\Gridlock-Gurus\cmake-build-debug-coverage\CMakeFiles\tests.dir\src\ResidentialFactory.cpp.gcda
        -:    0:Runs:1
        -:    1:#include "ResidentialFactory.h"
        -:    2:#include "City.h"
        -:    3:#include "Residential.h"
        -:    4:
function _ZN18ResidentialFactory14createBuildingE12BuildingTypeR7Citizen called 6 returned 100% blocks executed 53%
        6:    5:Building *ResidentialFactory::createBuilding(BuildingType type,Citizen &owner) {
        6:    6:  Resources *resources = new Resources(400, 400, true);
        6:    6-block  0
call    0 returned 6
branch  1 taken 6 (fallthrough)
branch  2 taken 0 (throw)
        6:    6-block  1
call    3 returned 6
branch  4 taken 6 (fallthrough)
branch  5 taken 0 (throw)
        6:    6-block  2
    $$$$$:    6-block  3
branch  6 never executed (fallthrough)
branch  7 never executed
    $$$$$:    6-block  4
call    8 never executed
        -:    7:  int maxInhabitants;
        -:    8:  int cost;
        6:    9:    std::string location = "";
        6:    9-block  0
call    0 returned 6
branch  1 taken 6 (fallthrough)
branch  2 taken 0 (throw)
    $$$$$:    9-block  1
        6:   10:  if (type == BuildingType::Flat) {
branch  0 taken 0 (fallthrough)
branch  1 taken 6
    #####:   11:    cost = 500;
    #####:   12:    maxInhabitants = 2;
    #####:   13:    location = "City center";
    %%%%%:   13-block  0
call    0 never executed
branch  1 never executed (fallthrough)
branch  2 never executed (throw)
        6:   14:  } else if (type == BuildingType::House) {
        6:   14-block  0
branch  0 taken 6 (fallthrough)
branch  1 taken 0
        6:   15:    cost = 2000;
        6:   16:    maxInhabitants = 5;
        6:   17:    location = "Suburbs";
        6:   17-block  0
call    0 returned 6
branch  1 taken 6 (fallthrough)
branch  2 taken 0 (throw)
    #####:   18:  } else if (type == BuildingType::Estate) {
    %%%%%:   18-block  0
branch  0 never executed (fallthrough)
branch  1 never executed
    #####:   19:    cost = 3000;
    #####:   20:    maxInhabitants = 10;
    #####:   21:    location = "Country";
    %%%%%:   21-block  0
call    0 never executed
branch  1 never executed (fallthrough)
branch  2 never executed (throw)
        -:   22:
        -:   23:  } else {
    #####:   24:    cost = 3000;
    #####:   25:    maxInhabitants = 10;
    #####:   26:    location = "Country";
    %%%%%:   26-block  0
call    0 never executed
branch  1 never executed (fallthrough)
branch  2 never executed (throw)
        -:   27:  }
        -:   28:
        6:   29:    Residential* r = new Residential(cost, location, resources, 500, owner, type, maxInhabitants);
        6:   29-block  0
call    0 returned 6
branch  1 taken 6 (fallthrough)
branch  2 taken 0 (throw)
        6:   29-block  1
call    3 returned 6
branch  4 taken 6 (fallthrough)
branch  5 taken 0 (throw)
    $$$$$:   29-block  2
branch  6 never executed (fallthrough)
branch  7 never executed
    $$$$$:   29-block  3
call    8 never executed
        6:   30:    taxAuthority->registerBuilding(*r);
        6:   30-block  0
call    0 returned 6
call    1 returned 6
branch  2 taken 6 (fallthrough)
branch  3 taken 0 (throw)
        -:   31:
        6:   32:  return r;
        6:   32-block  0
        6:   33:}
        6:   33-block  0
call    0 returned 6
    $$$$$:   33-block  1
call    1 never executed
