        -:    0:Source:C:/Users/rainb/Documents/GitHub/New/Gridlock-Gurus/src/Sanitation.cpp
        -:    0:Graph:C:\Users\rainb\Documents\GitHub\New\Gridlock-Gurus\cmake-build-debug-coverage\CMakeFiles\tests.dir\src\Sanitation.cpp.gcno
        -:    0:Data:C:\Users\rainb\Documents\GitHub\New\Gridlock-Gurus\cmake-build-debug-coverage\CMakeFiles\tests.dir\src\Sanitation.cpp.gcda
        -:    0:Runs:1
        -:    1:#include "Sanitation.h"
        -:    2:#include <iostream>
        -:    3:
function _ZNK10Sanitation13checkCapacityEv called 0 returned 0% blocks executed 0%
    #####:    4:void Sanitation::checkCapacity() const {
    #####:    5:    std::cout << "Sanitation system processing capacity: " << maxProduction << " liters per minute." << std::endl;
    %%%%%:    5-block  0
call    0 never executed
call    1 never executed
call    2 never executed
call    3 never executed
    #####:    6:}
        -:    7:
