        -:    0:Source:C:/Users/rainb/Documents/GitHub/New/Gridlock-Gurus/src/Service.cpp
        -:    0:Graph:C:\Users\rainb\Documents\GitHub\New\Gridlock-Gurus\cmake-build-debug-coverage\CMakeFiles\tests.dir\src\Service.cpp.gcno
        -:    0:Data:C:\Users\rainb\Documents\GitHub\New\Gridlock-Gurus\cmake-build-debug-coverage\CMakeFiles\tests.dir\src\Service.cpp.gcda
        -:    0:Runs:1
        -:    1:#include "Service.h"
        -:    2:
function _ZN7ServiceC2EiRNSt7__cxx1112basic_stringIcSt11char_traitsIcESaIcEEEP9ResourcesiR7Citizen12BuildingTypei called 3 returned 100% blocks executed 100%
        3:    3:Service::Service(int cost, std::string& location, Resources *resources, int size, Citizen& owner,BuildingType name,int id) : Building(cost, location, resources, size, owner,name) {
        3:    3-block  0
call    0 returned 3
call    1 returned 3
        3:    4:    this->id = id;
        3:    5:    this->maxEmployees = 30;
        3:    6:    this->benefits = 0.5;
        3:    7:}
        -:    8:
function _ZN7Service6employER7Citizen called 0 returned 0% blocks executed 0%
    #####:    9:void Service::employ(Citizen& employee) {
    #####:   10:    if (!employee.getEmploymentStatus() && employees.size() < maxEmployees) {
    %%%%%:   10-block  0
call    0 never executed
branch  1 never executed (fallthrough)
branch  2 never executed
    %%%%%:   10-block  1
call    3 never executed
branch  4 never executed (fallthrough)
branch  5 never executed
    %%%%%:   10-block  2
    %%%%%:   10-block  3
    %%%%%:   10-block  4
branch  6 never executed (fallthrough)
branch  7 never executed
    #####:   11:        employees.push_back(&employee);
    %%%%%:   11-block  0
call    0 never executed
branch  1 never executed (fallthrough)
branch  2 never executed (throw)
    %%%%%:   11-block  1
        -:   12:    }
    #####:   13:}
    %%%%%:   13-block  0
        -:   14:
function _ZN7Service4fireER7Citizen called 0 returned 0% blocks executed 0%
    #####:   15:void Service::fire(Citizen& employee) {
    #####:   16:    auto it = std::find(employees.begin(), employees.end(), &employee);
    %%%%%:   16-block  0
call    0 never executed
call    1 never executed
call    2 never executed
branch  3 never executed (fallthrough)
branch  4 never executed (throw)
    $$$$$:   16-block  1
        -:   17:
    #####:   18:    if(it != employees.end()) {
    %%%%%:   18-block  0
call    0 never executed
call    1 never executed
branch  2 never executed (fallthrough)
branch  3 never executed
    #####:   19:        employee.fired();
    %%%%%:   19-block  0
call    0 never executed
branch  1 never executed (fallthrough)
branch  2 never executed (throw)
    #####:   20:        employees.erase(it);
    %%%%%:   20-block  0
call    0 never executed
call    1 never executed
branch  2 never executed (fallthrough)
branch  3 never executed (throw)
    %%%%%:   20-block  1
    $$$$$:   20-block  2
        -:   21:    }
    #####:   22:}
    %%%%%:   22-block  0
        -:   23:
function _ZN7Service6retireER7Citizen called 0 returned 0% blocks executed 0%
    #####:   24:void Service::retire(Citizen& employee) {
    #####:   25:    auto it = std::find(employees.begin(), employees.end(), &employee);
    %%%%%:   25-block  0
call    0 never executed
call    1 never executed
call    2 never executed
branch  3 never executed (fallthrough)
branch  4 never executed (throw)
    $$$$$:   25-block  1
        -:   26:
    #####:   27:    if(it != employees.end()) {
    %%%%%:   27-block  0
call    0 never executed
call    1 never executed
branch  2 never executed (fallthrough)
branch  3 never executed
    #####:   28:        employees.erase(it);
    %%%%%:   28-block  0
call    0 never executed
call    1 never executed
branch  2 never executed (fallthrough)
branch  3 never executed (throw)
    $$$$$:   28-block  1
    #####:   29:        employee.retireToCountryside();
    %%%%%:   29-block  0
call    0 never executed
branch  1 never executed (fallthrough)
branch  2 never executed (throw)
        -:   30:    }
    #####:   31:}
    %%%%%:   31-block  0
