        -:    0:Source:C:/Users/rainb/Documents/GitHub/New/Gridlock-Gurus/headers/SteelFactory.h
        -:    0:Graph:C:\Users\rainb\Documents\GitHub\New\Gridlock-Gurus\cmake-build-debug-coverage\CMakeFiles\tests.dir\src\SteelFactory.cpp.gcno
        -:    0:Data:C:\Users\rainb\Documents\GitHub\New\Gridlock-Gurus\cmake-build-debug-coverage\CMakeFiles\tests.dir\src\SteelFactory.cpp.gcda
        -:    0:Runs:1
        -:    1:#ifndef STEELFACTORY_H
        -:    2:#define STEELFACTORY_H
        -:    3:
        -:    4:#include "Factory.h"
        -:    5:#include "Building.h"
        -:    6:#include "BuildingType.h"
        -:    7:
        -:    8:#include <vector>
        -:    9:#include <string>
        -:   10:
        -:   11:/**
        -:   12: * @brief Represents a steel factory.
        -:   13: *
        -:   14: * ConcreteProduct participant in the Factory Method pattern. It extends the Factory class and represents a factory that produces steel.
        -:   15: */
        -:   16:class SteelFactory : public Factory {
        -:   17:public:
        -:   18:    /**
        -:   19:     * @brief Constructs a new SteelFactory object.
        -:   20:     * @param cost The construction cost of the factory.
        -:   21:     * @param location The location of the factory.
        -:   22:     * @param resources Pointer to the resources the factory consumes.
        -:   23:     * @param size The size of the factory.
        -:   24:     * @param owner Pointer to the factory's owner.
        -:   25:     * @param taxAuthority Pointer to the tax authority associated with the factory.
        -:   26:     */
        -:   27:    SteelFactory(int cost, std::string& location, Resources* resources, int size, Citizen& owner, BuildingType name, int productionRate, int max) 
        -:   28:    : Factory(cost, location, resources,size,owner,name,productionRate,max) {};
        -:   29:
        -:   30:    /**
        -:   31:     * @brief Destroys the SteelFactory object.
        -:   32:     */
        2:   33:    ~SteelFactory() override = default;
------------------
_ZN12SteelFactoryD0Ev:
function _ZN12SteelFactoryD0Ev called 1 returned 100% blocks executed 100%
        1:   33:    ~SteelFactory() override = default;
        1:   33-block  0
call    0 returned 1
call    1 returned 1
------------------
_ZN12SteelFactoryD1Ev:
function _ZN12SteelFactoryD1Ev called 1 returned 100% blocks executed 100%
        1:   33:    ~SteelFactory() override = default;
        1:   33-block  0
call    0 returned 1
------------------
        -:   34:
        -:   35:    /**
        -:   36:     * @brief Gets details about the steel factory.
        -:   37:     * @return A string containing details about the steel factory.
        -:   38:     */
        -:   39:    std::string getDetails() const override;
        -:   40:
        -:   41:    /**
        -:   42:     * @brief Produces steel in the factory.
        -:   43:     */
        -:   44:    int produceResource() override;
        -:   45:
        -:   46:    /**
        -:   47:     * @brief Pays an employee working at the steel factory.
        -:   48:     * @param employee Pointer to the employee.
        -:   49:     */
        -:   50:     int pay() override;
        -:   51:
        -:   52:};
        -:   53:
        -:   54:#endif // STEELFACTORY_H
