        -:    0:Source:C:/Users/rainb/Documents/GitHub/New/Gridlock-Gurus/src/SteelFactory.cpp
        -:    0:Graph:C:\Users\rainb\Documents\GitHub\New\Gridlock-Gurus\cmake-build-debug-coverage\CMakeFiles\tests.dir\src\SteelFactory.cpp.gcno
        -:    0:Data:C:\Users\rainb\Documents\GitHub\New\Gridlock-Gurus\cmake-build-debug-coverage\CMakeFiles\tests.dir\src\SteelFactory.cpp.gcda
        -:    0:Runs:1
        -:    1:#include "SteelFactory.h"
        -:    2:
function _ZNK12SteelFactory10getDetailsB5cxx11Ev called 0 returned 0% blocks executed 0%
    #####:    3:std::string SteelFactory::getDetails() const {
    %%%%%:    3-block  0
    #####:    4:    std::string details =  "Steel factory: \n";
    %%%%%:    4-block  0
call    0 never executed
branch  1 never executed (fallthrough)
branch  2 never executed (throw)
    $$$$$:    4-block  1
call    3 never executed
    #####:    5:    details += "Owner: " + owner.getName() + "\n";
call    0 never executed
branch  1 never executed (fallthrough)
branch  2 never executed (throw)
    %%%%%:    5-block  0
call    3 never executed
branch  4 never executed (fallthrough)
branch  5 never executed (throw)
    %%%%%:    5-block  1
call    6 never executed
branch  7 never executed (fallthrough)
branch  8 never executed (throw)
    %%%%%:    5-block  2
call    9 never executed
branch 10 never executed (fallthrough)
branch 11 never executed (throw)
    %%%%%:    5-block  3
call   12 never executed
call   13 never executed
call   14 never executed
    $$$$$:    5-block  4
call   15 never executed
    $$$$$:    5-block  5
call   16 never executed
    $$$$$:    5-block  6
call   17 never executed
    $$$$$:    5-block  7
    $$$$$:    5-block  8
    $$$$$:    5-block  9
    #####:    6:    details += "Location: " + location + "\n";
call    0 never executed
branch  1 never executed (fallthrough)
branch  2 never executed (throw)
    %%%%%:    6-block  0
call    3 never executed
branch  4 never executed (fallthrough)
branch  5 never executed (throw)
    %%%%%:    6-block  1
call    6 never executed
branch  7 never executed (fallthrough)
branch  8 never executed (throw)
    %%%%%:    6-block  2
call    9 never executed
call   10 never executed
    $$$$$:    6-block  3
call   11 never executed
    $$$$$:    6-block  4
call   12 never executed
    $$$$$:    6-block  5
    $$$$$:    6-block  6
    #####:    7:    details += "Employees: " + std::to_string(employees.size()) + "/" + std::to_string(maxEmployees) + "\n";
call    0 never executed
call    1 never executed
call    2 never executed
branch  3 never executed (fallthrough)
branch  4 never executed (throw)
    %%%%%:    7-block  0
call    5 never executed
branch  6 never executed (fallthrough)
branch  7 never executed (throw)
    %%%%%:    7-block  1
call    8 never executed
branch  9 never executed (fallthrough)
branch 10 never executed (throw)
    %%%%%:    7-block  2
call   11 never executed
branch 12 never executed (fallthrough)
branch 13 never executed (throw)
    %%%%%:    7-block  3
call   14 never executed
branch 15 never executed (fallthrough)
branch 16 never executed (throw)
    %%%%%:    7-block  4
call   17 never executed
branch 18 never executed (fallthrough)
branch 19 never executed (throw)
    %%%%%:    7-block  5
call   20 never executed
call   21 never executed
call   22 never executed
call   23 never executed
call   24 never executed
call   25 never executed
    $$$$$:    7-block  6
call   26 never executed
    $$$$$:    7-block  7
call   27 never executed
    $$$$$:    7-block  8
call   28 never executed
    $$$$$:    7-block  9
call   29 never executed
    $$$$$:    7-block 10
call   30 never executed
    $$$$$:    7-block 11
    $$$$$:    7-block 12
    $$$$$:    7-block 13
    $$$$$:    7-block 14
call   31 never executed
    $$$$$:    7-block 15
    $$$$$:    7-block 16
    $$$$$:    7-block 17
    #####:    8:    details += "Cost: " + std::to_string(cost) + "\n";
call    0 never executed
call    1 never executed
branch  2 never executed (fallthrough)
branch  3 never executed (throw)
    %%%%%:    8-block  0
call    4 never executed
branch  5 never executed (fallthrough)
branch  6 never executed (throw)
    %%%%%:    8-block  1
call    7 never executed
branch  8 never executed (fallthrough)
branch  9 never executed (throw)
    %%%%%:    8-block  2
call   10 never executed
call   11 never executed
call   12 never executed
    $$$$$:    8-block  3
call   13 never executed
    $$$$$:    8-block  4
call   14 never executed
    $$$$$:    8-block  5
call   15 never executed
    $$$$$:    8-block  6
    $$$$$:    8-block  7
    $$$$$:    8-block  8
    #####:    9:    details += "Size: " + std::to_string(size) + "\n";
call    0 never executed
call    1 never executed
branch  2 never executed (fallthrough)
branch  3 never executed (throw)
    %%%%%:    9-block  0
call    4 never executed
branch  5 never executed (fallthrough)
branch  6 never executed (throw)
    %%%%%:    9-block  1
call    7 never executed
branch  8 never executed (fallthrough)
branch  9 never executed (throw)
    %%%%%:    9-block  2
call   10 never executed
call   11 never executed
call   12 never executed
    $$$$$:    9-block  3
call   13 never executed
    $$$$$:    9-block  4
call   14 never executed
    $$$$$:    9-block  5
call   15 never executed
    $$$$$:    9-block  6
    $$$$$:    9-block  7
    $$$$$:    9-block  8
    #####:   10:    return details;
    %%%%%:   10-block  0
    =====:   11:}
    $$$$$:   11-block  0
call    0 never executed
        -:   12:
function _ZN12SteelFactory15produceResourceEv called 1 returned 100% blocks executed 100%
        1:   13:int SteelFactory::produceResource() {
        1:   14:    return 100;
        1:   14-block  0
        -:   15:}
        -:   16:
        -:   17:
function _ZN12SteelFactory3payEv called 1 returned 100% blocks executed 100%
        1:   18:int SteelFactory::pay() {
        1:   19:    return 163;
        1:   19-block  0
        -:   20:}
        -:   21:
