        -:    0:Source:C:/Users/rainb/Documents/GitHub/New/Gridlock-Gurus/headers/ProgressiveTaxStrategy.h
        -:    0:Graph:C:\Users\rainb\Documents\GitHub\New\Gridlock-Gurus\cmake-build-debug-coverage\CMakeFiles\tests.dir\tests\tax_system_test.cpp.gcno
        -:    0:Data:C:\Users\rainb\Documents\GitHub\New\Gridlock-Gurus\cmake-build-debug-coverage\CMakeFiles\tests.dir\tests\tax_system_test.cpp.gcda
        -:    0:Runs:1
        -:    1:#ifndef PROGRESSIVETAXSTRATEGY_H
        -:    2:#define PROGRESSIVETAXSTRATEGY_H
        -:    3:
        -:    4:#include "TaxStrategy.h"
        -:    5:
        -:    6:/**
        -:    7: * @brief Implements a progressive tax strategy.
        -:    8: *
        -:    9: * ConcreteStrategy participant in the Strategy Design Pattern.
        -:   10: */
        -:   11:class ProgressiveTaxStrategy : public TaxStrategy {
        -:   12:
        -:   13:public:
        -:   14:    /**
        -:   15:     * @brief Constructor for the ProgressiveTaxStrategy.
        -:   16:     */
function _ZN22ProgressiveTaxStrategyC1Ev called 1 returned 100% blocks executed 100%
        1:   17:    ProgressiveTaxStrategy() = default;
        1:   17-block  0
call    0 returned 1
        -:   18:    
        -:   19:    /**
        -:   20:     * @brief Destructor for the ProgressiveTaxStrategy.
        -:   21:     */
        -:   22:    ~ProgressiveTaxStrategy() = default;
        -:   23:
        -:   24:    /**
        -:   25:     * @brief Calculates tax on a building using the progressive tax strategy.
        -:   26:     * @param value The value of the building.
        -:   27:     * @return Calculated building tax.
        -:   28:     *
        -:   29:     * This function acts as the algorithm() function.
        -:   30:     */
        -:   31:    int calculateBuildingTax(int value) override;
        -:   32:
        -:   33:    /**
        -:   34:     * @brief Calculates tax on a citizen's earnings using the progressive tax strategy.
        -:   35:     * @param earnings The earnings of the citizen.
        -:   36:     * @return Calculated citizen tax.
        -:   37:     *
        -:   38:     * This function acts as the algorithm() function.
        -:   39:     */
        -:   40:    int calculateCitizenTax(int earnings) override;
        -:   41:};
        -:   42:
        -:   43:#endif // PROGRESSIVETAXSTRATEGY_H
