        -:    0:Source:C:/Users/rainb/Documents/GitHub/New/Gridlock-Gurus/src/Taxi.cpp
        -:    0:Graph:C:\Users\rainb\Documents\GitHub\New\Gridlock-Gurus\cmake-build-debug-coverage\CMakeFiles\tests.dir\src\Taxi.cpp.gcno
        -:    0:Data:C:\Users\rainb\Documents\GitHub\New\Gridlock-Gurus\cmake-build-debug-coverage\CMakeFiles\tests.dir\src\Taxi.cpp.gcda
        -:    0:Runs:1
        -:    1:#include "Taxi.h"
        -:    2:#include <iostream>
        -:    3:
        -:    4:#include "Broken.h"
        -:    5:#include "Damaged.h"
        -:    6:
function _ZN4TaxiC2EiP19TransportDepartment called 18 returned 100% blocks executed 62%
       54:    7:Taxi::Taxi(int capacity, TransportDepartment* department) : Vehicle("Taxi", capacity, department) {}
       18:    7-block  0
       18:    7-block  1
call    0 returned 18
branch  1 taken 18 (fallthrough)
branch  2 taken 0 (throw)
       18:    7-block  2
call    3 returned 18
branch  4 taken 18 (fallthrough)
branch  5 taken 0 (throw)
       18:    7-block  3
call    6 returned 18
    $$$$$:    7-block  4
call    7 never executed
    $$$$$:    7-block  5
        -:    8:
function _ZN4Taxi10checkStateEv called 4 returned 100% blocks executed 71%
        4:    9:void Taxi::checkState() {
        4:   10:    if (getState()) {
        4:   10-block  0
call    0 returned 4
branch  1 taken 4 (fallthrough)
branch  2 taken 0
        4:   11:        getState()->checkCapacity(this);
        4:   11-block  0
call    0 returned 4
call    1 returned 4
        -:   12:    }
        -:   13:    else {
    #####:   14:        std::cout << "Taxi has no assigned state!" << std::endl;
    %%%%%:   14-block  0
call    0 never executed
call    1 never executed
        -:   15:    }
        4:   16:}
        -:   17:
function _ZN4Taxi7collectEi called 0 returned 0% blocks executed 0%
    #####:   18:void Taxi::collect(int amount) {
    #####:   19:    std::cout << "Taxi collected " << amount << " units of fare." << std::endl;
    %%%%%:   19-block  0
call    0 never executed
call    1 never executed
call    2 never executed
call    3 never executed
    #####:   20:}
        -:   21:
function _ZN4Taxi3runEv called 0 returned 0% blocks executed 0%
    #####:   22:void Taxi::run() {
    #####:   23:    std::cout << "Taxi is running." << std::endl;
    %%%%%:   23-block  0
call    0 never executed
call    1 never executed
    #####:   24:}
        -:   25:
function _ZN4Taxi9breakDownEv called 8 returned 100% blocks executed 78%
        8:   26:void Taxi::breakDown() {
        8:   27:    std::cout << "Taxi has broken down!" << std::endl;
        8:   27-block  0
call    0 returned 8
call    1 returned 8
        8:   28:    setState(new Broken());
call    0 returned 8
call    1 returned 8
call    2 returned 8
branch  3 taken 8 (fallthrough)
branch  4 taken 0 (throw)
    $$$$$:   28-block  0
branch  5 never executed (fallthrough)
branch  6 never executed
    $$$$$:   28-block  1
call    7 never executed
        8:   29:}
        8:   29-block  0
        -:   30:
function _ZN4Taxi5delayEv called 0 returned 0% blocks executed 0%
    #####:   31:void Taxi::delay() {
    #####:   32:    std::cout << "Taxi is delayed." << std::endl;
    %%%%%:   32-block  0
call    0 never executed
call    1 never executed
    #####:   33:    setState(new Damaged());
call    0 never executed
call    1 never executed
call    2 never executed
branch  3 never executed (fallthrough)
branch  4 never executed (throw)
    $$$$$:   33-block  0
branch  5 never executed (fallthrough)
branch  6 never executed
    $$$$$:   33-block  1
call    7 never executed
    #####:   34:}
    %%%%%:   34-block  0
        -:   35:
function _ZN4Taxi5cloneEv called 0 returned 0% blocks executed 0%
    #####:   36:Vehicle* Taxi::clone() {
    #####:   37:    return new Taxi(capacity, department);
    %%%%%:   37-block  0
call    0 never executed
call    1 never executed
branch  2 never executed (fallthrough)
branch  3 never executed (throw)
    %%%%%:   37-block  1
    %%%%%:   37-block  2
    $$$$$:   37-block  3
branch  4 never executed (fallthrough)
branch  5 never executed
    $$$$$:   37-block  4
call    6 never executed
        -:   38:}
        -:   39:
function _ZN4Taxi6repairEv called 0 returned 0% blocks executed 0%
    #####:   40:void Taxi::repair() {
    #####:   41:    if (getState()) {
    %%%%%:   41-block  0
call    0 never executed
branch  1 never executed (fallthrough)
branch  2 never executed
    #####:   42:        getState()->repair(this);
    %%%%%:   42-block  0
call    0 never executed
call    1 never executed
        -:   43:    }
    #####:   44:}
