        -:    0:Source:C:/Users/rainb/Documents/GitHub/New/Gridlock-Gurus/src/Train.cpp
        -:    0:Graph:C:\Users\rainb\Documents\GitHub\New\Gridlock-Gurus\cmake-build-debug-coverage\CMakeFiles\tests.dir\src\Train.cpp.gcno
        -:    0:Data:C:\Users\rainb\Documents\GitHub\New\Gridlock-Gurus\cmake-build-debug-coverage\CMakeFiles\tests.dir\src\Train.cpp.gcda
        -:    0:Runs:1
        -:    1:#include "Train.h"
        -:    2:#include <iostream>
        -:    3:
        -:    4:#include "Broken.h"
        -:    5:
function _ZN5TrainC2EiP19TransportDepartment called 18 returned 100% blocks executed 62%
       54:    6:Train::Train(int capacity, TransportDepartment* department) : Vehicle("Train", capacity, department) {}
       18:    6-block  0
       18:    6-block  1
call    0 returned 18
branch  1 taken 18 (fallthrough)
branch  2 taken 0 (throw)
       18:    6-block  2
call    3 returned 18
branch  4 taken 18 (fallthrough)
branch  5 taken 0 (throw)
       18:    6-block  3
call    6 returned 18
    $$$$$:    6-block  4
call    7 never executed
    $$$$$:    6-block  5
        -:    7:
function _ZN5Train10checkStateEv called 3 returned 100% blocks executed 71%
        3:    8:void Train::checkState() {
        3:    9:    if (getState()) {
        3:    9-block  0
call    0 returned 3
branch  1 taken 3 (fallthrough)
branch  2 taken 0
        3:   10:        getState()->checkCapacity(this);
        3:   10-block  0
call    0 returned 3
call    1 returned 3
        -:   11:    }
        -:   12:    else {
    #####:   13:        std::cout << "Train has no assigned state!" << std::endl;
    %%%%%:   13-block  0
call    0 never executed
call    1 never executed
        -:   14:    }
        3:   15:}
        -:   16:
function _ZN5Train7collectEi called 0 returned 0% blocks executed 0%
    #####:   17:void Train::collect(int amount) {
    #####:   18:    std::cout << "Train collected " << amount << " units of cargo." << std::endl;
    %%%%%:   18-block  0
call    0 never executed
call    1 never executed
call    2 never executed
call    3 never executed
    #####:   19:}
        -:   20:
function _ZN5Train3runEv called 0 returned 0% blocks executed 0%
    #####:   21:void Train::run() {
    #####:   22:    std::cout << "Train is running on tracks." << std::endl;
    %%%%%:   22-block  0
call    0 never executed
call    1 never executed
    #####:   23:}
        -:   24:
function _ZN5Train9breakDownEv called 4 returned 100% blocks executed 78%
        4:   25:void Train::breakDown() {
        4:   26:    std::cout << "Train has broken down on the tracks!" << std::endl;
        4:   26-block  0
call    0 returned 4
call    1 returned 4
        4:   27:    setState(new Broken());
call    0 returned 4
call    1 returned 4
call    2 returned 4
branch  3 taken 4 (fallthrough)
branch  4 taken 0 (throw)
    $$$$$:   27-block  0
branch  5 never executed (fallthrough)
branch  6 never executed
    $$$$$:   27-block  1
call    7 never executed
        4:   28:}
        4:   28-block  0
        -:   29:
function _ZN5Train5delayEv called 0 returned 0% blocks executed 0%
    #####:   30:void Train::delay() {
    #####:   31:    std::cout << "Train is delayed." << std::endl;
    %%%%%:   31-block  0
call    0 never executed
call    1 never executed
    #####:   32:}
        -:   33:
function _ZN5Train5cloneEv called 0 returned 0% blocks executed 0%
    #####:   34:Vehicle* Train::clone() {
    #####:   35:    return new Train(capacity, department);
    %%%%%:   35-block  0
call    0 never executed
call    1 never executed
branch  2 never executed (fallthrough)
branch  3 never executed (throw)
    %%%%%:   35-block  1
    %%%%%:   35-block  2
    $$$$$:   35-block  3
branch  4 never executed (fallthrough)
branch  5 never executed
    $$$$$:   35-block  4
call    6 never executed
        -:   36:}
