        -:    0:Source:C:/Users/rainb/Documents/GitHub/New/Gridlock-Gurus/src/Truck.cpp
        -:    0:Graph:C:\Users\rainb\Documents\GitHub\New\Gridlock-Gurus\cmake-build-debug-coverage\CMakeFiles\tests.dir\src\Truck.cpp.gcno
        -:    0:Data:C:\Users\rainb\Documents\GitHub\New\Gridlock-Gurus\cmake-build-debug-coverage\CMakeFiles\tests.dir\src\Truck.cpp.gcda
        -:    0:Runs:1
        -:    1:#include "Truck.h"
        -:    2:#include <iostream>
        -:    3:
        -:    4:#include "Broken.h"
        -:    5:
function _ZN5TruckC2EiP19TransportDepartment called 18 returned 100% blocks executed 62%
       54:    6:Truck::Truck(int capacity, TransportDepartment* department) : Vehicle("Truck", capacity, department) {}
       18:    6-block  0
       18:    6-block  1
call    0 returned 18
branch  1 taken 18 (fallthrough)
branch  2 taken 0 (throw)
       18:    6-block  2
call    3 returned 18
branch  4 taken 18 (fallthrough)
branch  5 taken 0 (throw)
       18:    6-block  3
call    6 returned 18
    $$$$$:    6-block  4
call    7 never executed
    $$$$$:    6-block  5
        -:    7:
function _ZN5Truck10checkStateEv called 4 returned 100% blocks executed 71%
        4:    8:void Truck::checkState() {
        4:    9:    if (getState()) {
        4:    9-block  0
call    0 returned 4
branch  1 taken 4 (fallthrough)
branch  2 taken 0
        4:   10:        getState()->checkCapacity(this);
        4:   10-block  0
call    0 returned 4
call    1 returned 4
        -:   11:    }
        -:   12:    else {
    #####:   13:        std::cout << "Truck has no assigned state!" << std::endl;
    %%%%%:   13-block  0
call    0 never executed
call    1 never executed
        -:   14:    }
        4:   15:}
        -:   16:
function _ZN5Truck7collectEi called 0 returned 0% blocks executed 0%
    #####:   17:void Truck::collect(int amount) {
    #####:   18:    std::cout << "Truck collected " << amount << " units of cargo." << std::endl;
    %%%%%:   18-block  0
call    0 never executed
call    1 never executed
call    2 never executed
call    3 never executed
    #####:   19:}
        -:   20:
function _ZN5Truck3runEv called 0 returned 0% blocks executed 0%
    #####:   21:void Truck::run() {
    #####:   22:    std::cout << "Truck is running." << std::endl;
    %%%%%:   22-block  0
call    0 never executed
call    1 never executed
    #####:   23:}
        -:   24:
function _ZN5Truck9breakDownEv called 4 returned 100% blocks executed 78%
        4:   25:void Truck::breakDown() {
        4:   26:    std::cout << "Truck has broken down!" << std::endl;
        4:   26-block  0
call    0 returned 4
call    1 returned 4
        4:   27:    setState(new Broken());
call    0 returned 4
call    1 returned 4
call    2 returned 4
branch  3 taken 4 (fallthrough)
branch  4 taken 0 (throw)
    $$$$$:   27-block  0
branch  5 never executed (fallthrough)
branch  6 never executed
    $$$$$:   27-block  1
call    7 never executed
        4:   28:}
        4:   28-block  0
        -:   29:
function _ZN5Truck5delayEv called 0 returned 0% blocks executed 0%
    #####:   30:void Truck::delay() {
    #####:   31:    std::cout << "Truck is delayed." << std::endl;
    %%%%%:   31-block  0
call    0 never executed
call    1 never executed
    #####:   32:}
        -:   33:
function _ZN5Truck5cloneEv called 0 returned 0% blocks executed 0%
    #####:   34:Vehicle* Truck::clone() {
    #####:   35:    return new Truck(capacity, department);
    %%%%%:   35-block  0
call    0 never executed
call    1 never executed
branch  2 never executed (fallthrough)
branch  3 never executed (throw)
    %%%%%:   35-block  1
    %%%%%:   35-block  2
    $$$$$:   35-block  3
branch  4 never executed (fallthrough)
branch  5 never executed
    $$$$$:   35-block  4
call    6 never executed
        -:   36:}
