        -:    0:Source:C:/Users/rainb/Documents/GitHub/New/Gridlock-Gurus/src/Utilities.cpp
        -:    0:Graph:C:\Users\rainb\Documents\GitHub\New\Gridlock-Gurus\cmake-build-debug-coverage\CMakeFiles\tests.dir\src\Utilities.cpp.gcno
        -:    0:Data:C:\Users\rainb\Documents\GitHub\New\Gridlock-Gurus\cmake-build-debug-coverage\CMakeFiles\tests.dir\src\Utilities.cpp.gcda
        -:    0:Runs:1
        -:    1:#include "Utilities.h"
        -:    2:#include <iostream>
        -:    3:
function _ZNK9Utilities13checkCapacityEv called 0 returned 0% blocks executed 0%
    #####:    4:void Utilities::checkCapacity() const {
    #####:    5:    std::cout << " capacity: " << maxProduction << std::endl;
    %%%%%:    5-block  0
call    0 never executed
call    1 never executed
call    2 never executed
    #####:    6:}
        -:    7:
function _ZN9Utilities4shedEv called 0 returned 0% blocks executed 0%
    #####:    8:void Utilities::shed() {
    #####:    9:    shedding = true;
    #####:   10:    std::cout  << " is shedding power." << std::endl;
    %%%%%:   10-block  0
call    0 never executed
call    1 never executed
    #####:   11:}
        -:   12:
function _ZN9Utilities6repairEv called 0 returned 0% blocks executed 0%
    #####:   13:void Utilities::repair() {
    #####:   14:    if (isRepair) {
    %%%%%:   14-block  0
branch  0 never executed (fallthrough)
branch  1 never executed
    #####:   15:        isRepair = false;
    %%%%%:   15-block  0
        -:   16:    }
    #####:   17:}
        -:   18:
function _ZN9Utilities12breakUtilityEv called 0 returned 0% blocks executed 0%
    #####:   19:void Utilities::breakUtility() {
    #####:   20:    isRepair = true;
    #####:   21:}
        -:   22:
