        -:    0:Source:C:/Users/rainb/Documents/GitHub/New/Gridlock-Gurus/src/Water.cpp
        -:    0:Graph:C:\Users\rainb\Documents\GitHub\New\Gridlock-Gurus\cmake-build-debug-coverage\CMakeFiles\tests.dir\src\Water.cpp.gcno
        -:    0:Data:C:\Users\rainb\Documents\GitHub\New\Gridlock-Gurus\cmake-build-debug-coverage\CMakeFiles\tests.dir\src\Water.cpp.gcda
        -:    0:Runs:1
        -:    1:#include "Water.h"
        -:    2:#include <iostream>
        -:    3:
function _ZNK5Water13checkCapacityEv called 0 returned 0% blocks executed 0%
    #####:    4:void Water::checkCapacity() const {
    #####:    5:    std::cout << "Water supply capacity: " << maxProduction << " liters per minute." << std::endl;
    %%%%%:    5-block  0
call    0 never executed
call    1 never executed
call    2 never executed
call    3 never executed
    #####:    6:}
        -:    7:
