        -:    0:Source:C:/Users/rainb/Documents/GitHub/New/Gridlock-Gurus/src/WoodFactory.cpp
        -:    0:Graph:C:\Users\rainb\Documents\GitHub\New\Gridlock-Gurus\cmake-build-debug-coverage\CMakeFiles\tests.dir\src\WoodFactory.cpp.gcno
        -:    0:Data:C:\Users\rainb\Documents\GitHub\New\Gridlock-Gurus\cmake-build-debug-coverage\CMakeFiles\tests.dir\src\WoodFactory.cpp.gcda
        -:    0:Runs:1
        -:    1:#include "WoodFactory.h"
        -:    2:
function _ZN11WoodFactoryC2EiRNSt7__cxx1112basic_stringIcSt11char_traitsIcESaIcEEEP9ResourcesiR7Citizen12BuildingTypeii called 1 returned 100% blocks executed 100%
        1:    3:WoodFactory::WoodFactory(int cost, std::string& location, Resources* resources, int size, Citizen& owner, BuildingType name, int productionRate, int max) : Factory(cost, location, resources, size, owner,name, productionRate, max){}
        1:    3-block  0
call    0 returned 1
        -:    4:
        -:    5:
function _ZNK11WoodFactory10getDetailsB5cxx11Ev called 0 returned 0% blocks executed 0%
    #####:    6:std::string WoodFactory::getDetails() const {
    %%%%%:    6-block  0
    #####:    7:    std::string details =  "Wood factory: \n";
    %%%%%:    7-block  0
call    0 never executed
branch  1 never executed (fallthrough)
branch  2 never executed (throw)
    $$$$$:    7-block  1
call    3 never executed
    #####:    8:    details += "Owner: " + owner.getName() + "\n";
call    0 never executed
branch  1 never executed (fallthrough)
branch  2 never executed (throw)
    %%%%%:    8-block  0
call    3 never executed
branch  4 never executed (fallthrough)
branch  5 never executed (throw)
    %%%%%:    8-block  1
call    6 never executed
branch  7 never executed (fallthrough)
branch  8 never executed (throw)
    %%%%%:    8-block  2
call    9 never executed
branch 10 never executed (fallthrough)
branch 11 never executed (throw)
    %%%%%:    8-block  3
call   12 never executed
call   13 never executed
call   14 never executed
    $$$$$:    8-block  4
call   15 never executed
    $$$$$:    8-block  5
call   16 never executed
    $$$$$:    8-block  6
call   17 never executed
    $$$$$:    8-block  7
    $$$$$:    8-block  8
    $$$$$:    8-block  9
    #####:    9:    details += "Location: " + location + "\n";
call    0 never executed
branch  1 never executed (fallthrough)
branch  2 never executed (throw)
    %%%%%:    9-block  0
call    3 never executed
branch  4 never executed (fallthrough)
branch  5 never executed (throw)
    %%%%%:    9-block  1
call    6 never executed
branch  7 never executed (fallthrough)
branch  8 never executed (throw)
    %%%%%:    9-block  2
call    9 never executed
call   10 never executed
    $$$$$:    9-block  3
call   11 never executed
    $$$$$:    9-block  4
call   12 never executed
    $$$$$:    9-block  5
    $$$$$:    9-block  6
    #####:   10:    details += "Employees: " + std::to_string(employees.size()) + "/" + std::to_string(maxEmployees) + "\n";
call    0 never executed
call    1 never executed
call    2 never executed
branch  3 never executed (fallthrough)
branch  4 never executed (throw)
    %%%%%:   10-block  0
call    5 never executed
branch  6 never executed (fallthrough)
branch  7 never executed (throw)
    %%%%%:   10-block  1
call    8 never executed
branch  9 never executed (fallthrough)
branch 10 never executed (throw)
    %%%%%:   10-block  2
call   11 never executed
branch 12 never executed (fallthrough)
branch 13 never executed (throw)
    %%%%%:   10-block  3
call   14 never executed
branch 15 never executed (fallthrough)
branch 16 never executed (throw)
    %%%%%:   10-block  4
call   17 never executed
branch 18 never executed (fallthrough)
branch 19 never executed (throw)
    %%%%%:   10-block  5
call   20 never executed
call   21 never executed
call   22 never executed
call   23 never executed
call   24 never executed
call   25 never executed
    $$$$$:   10-block  6
call   26 never executed
    $$$$$:   10-block  7
call   27 never executed
    $$$$$:   10-block  8
call   28 never executed
    $$$$$:   10-block  9
call   29 never executed
    $$$$$:   10-block 10
call   30 never executed
    $$$$$:   10-block 11
    $$$$$:   10-block 12
    $$$$$:   10-block 13
    $$$$$:   10-block 14
call   31 never executed
    $$$$$:   10-block 15
    $$$$$:   10-block 16
    $$$$$:   10-block 17
    #####:   11:    details += "Cost: " + std::to_string(cost) + "\n";
call    0 never executed
call    1 never executed
branch  2 never executed (fallthrough)
branch  3 never executed (throw)
    %%%%%:   11-block  0
call    4 never executed
branch  5 never executed (fallthrough)
branch  6 never executed (throw)
    %%%%%:   11-block  1
call    7 never executed
branch  8 never executed (fallthrough)
branch  9 never executed (throw)
    %%%%%:   11-block  2
call   10 never executed
call   11 never executed
call   12 never executed
    $$$$$:   11-block  3
call   13 never executed
    $$$$$:   11-block  4
call   14 never executed
    $$$$$:   11-block  5
call   15 never executed
    $$$$$:   11-block  6
    $$$$$:   11-block  7
    $$$$$:   11-block  8
    #####:   12:    details += "Size: " + std::to_string(size) + "\n";
call    0 never executed
call    1 never executed
branch  2 never executed (fallthrough)
branch  3 never executed (throw)
    %%%%%:   12-block  0
call    4 never executed
branch  5 never executed (fallthrough)
branch  6 never executed (throw)
    %%%%%:   12-block  1
call    7 never executed
branch  8 never executed (fallthrough)
branch  9 never executed (throw)
    %%%%%:   12-block  2
call   10 never executed
call   11 never executed
call   12 never executed
    $$$$$:   12-block  3
call   13 never executed
    $$$$$:   12-block  4
call   14 never executed
    $$$$$:   12-block  5
call   15 never executed
    $$$$$:   12-block  6
    $$$$$:   12-block  7
    $$$$$:   12-block  8
    #####:   13:    return details;
    %%%%%:   13-block  0
    =====:   14:}
    $$$$$:   14-block  0
call    0 never executed
        -:   15:
function _ZN11WoodFactory15produceResourceEv called 1 returned 100% blocks executed 100%
        1:   16:int WoodFactory::produceResource() {
        1:   17:    return 100;
        1:   17-block  0
        -:   18:}
        -:   19:
function _ZN11WoodFactory3payEv called 1 returned 100% blocks executed 100%
        1:   20:int WoodFactory::pay() {
        1:   21:    return 90;
        1:   21-block  0
        -:   22:}
        -:   23:
        -:   24:
